<?xml version="1.0" encoding="UTF-8"?>
<testng-results skipped="0" failed="0" ignored="0" total="1" passed="1">
  <reporter-output>
  </reporter-output>
  <suite name="Default suite" duration-ms="500" started-at="2017-08-14T18:23:05Z" finished-at="2017-08-14T18:23:05Z">
    <groups>
    </groups>
    <test name="Default test" duration-ms="500" started-at="2017-08-14T18:23:05Z" finished-at="2017-08-14T18:23:05Z">
      <class name="com.extentreports.ExtentReportExample">
        <test-method status="PASS" signature="htmlReport()[pri:0, instance:com.extentreports.ExtentReportExample@91161c7]" name="htmlReport" duration-ms="484" started-at="2017-08-14T13:23:05Z" finished-at="2017-08-14T13:23:05Z">
          <reporter-output>
          </reporter-output>
        </test-method> <!-- htmlReport -->
      </class> <!-- com.extentreports.ExtentReportExample -->
    </test> <!-- Default test -->
  </suite> <!-- Default suite -->
</testng-results>
